
Inferred memory devices in process 'BYPASS'
	in routine Sl_Ctrl line 367 in
         file 'C:/xilinx/active/projects/sl_ctrl3/sl_ctrl.vhd'.
===============================================================================
|    Register Name    |   Type    | Width | Bus | MB | AR | AS | SR | SS | ST |
===============================================================================
|     BP_DOUT_reg     | Flip-flop |   1   |  -  | -  | N  | N  | N  | N  | N  |
===============================================================================

BP_DOUT_reg
-----------
    set/reset/toggle: none



Inferred memory devices in process 
	in routine Sl_Ctrl line 430 in file
         'C:/xilinx/active/projects/sl_ctrl3/sl_ctrl.vhd'.
===============================================================================
|    Register Name    |   Type    | Width | Bus | MB | AR | AS | SR | SS | ST |
===============================================================================
|     ADC_SH_reg      | Flip-flop |   5   |  Y  | N  | N  | N  | N  | N  | N  |
===============================================================================

ADC_SH_reg (width 5)
--------------------
    set/reset/toggle: none



Inferred memory devices in process 
	in routine Sl_Ctrl line 451 in file
         'C:/xilinx/active/projects/sl_ctrl3/sl_ctrl.vhd'.
===============================================================================
|    Register Name    |   Type    | Width | Bus | MB | AR | AS | SR | SS | ST |
===============================================================================
|    CS_ADC_N_reg     |   Latch   |   5   |  Y  | N  | N  | N  | -  | -  | -  |
===============================================================================

CS_ADC_N_reg (width 5)
----------------------
    reset/set: none



Inferred memory devices in process 
	in routine Sl_Ctrl line 471 in file
         'C:/xilinx/active/projects/sl_ctrl3/sl_ctrl.vhd'.
===============================================================================
|    Register Name    |   Type    | Width | Bus | MB | AR | AS | SR | SS | ST |
===============================================================================
|    CS_DAC_N_reg     |   Latch   |   4   |  Y  | N  | N  | N  | -  | -  | -  |
===============================================================================

CS_DAC_N_reg (width 4)
----------------------
    reset/set: none



Inferred memory devices in process 'DAC_RS'
	in routine Sl_Ctrl line 482 in
         file 'C:/xilinx/active/projects/sl_ctrl3/sl_ctrl.vhd'.
===============================================================================
|    Register Name    |   Type    | Width | Bus | MB | AR | AS | SR | SS | ST |
===============================================================================
|     DAC_RES_reg     | Flip-flop |   1   |  -  | -  | N  | N  | N  | N  | N  |
|    RS_DAC_N_reg     | Flip-flop |   4   |  Y  | N  | Y  | N  | N  | N  | N  |
===============================================================================

DAC_RES_reg
-----------
    set/reset/toggle: none


RS_DAC_N_reg (width 4)
----------------------
    Async-reset: RS_THR_DAC



Inferred memory devices in process 
	in routine Sl_Ctrl line 504 in file
         'C:/xilinx/active/projects/sl_ctrl3/sl_ctrl.vhd'.
===============================================================================
|    Register Name    |   Type    | Width | Bus | MB | AR | AS | SR | SS | ST |
===============================================================================
|     CS_TP_N_reg     | Flip-flop |   1   |  -  | -  | N  | N  | N  | N  | N  |
===============================================================================

CS_TP_N_reg
-----------
    set/reset/toggle: none



Inferred THREE-STATE control devices in process 
	in routine Sl_Ctrl line 543
         in file 'C:/xilinx/active/projects/sl_ctrl3/sl_ctrl.vhd'.
============================================================================
|     Three-state Device Name      |               Type               | MB |
============================================================================
|           TDO_MUX_tri            |        Three-state Buffer        | N  |
============================================================================


Inferred THREE-STATE control devices in process 
	in routine Sl_Ctrl line 545
         in file 'C:/xilinx/active/projects/sl_ctrl3/sl_ctrl.vhd'.
============================================================================
|     Three-state Device Name      |               Type               | MB |
============================================================================
|           TDO_MUX_tri2           |        Three-state Buffer        | N  |
============================================================================


Inferred THREE-STATE control devices in process 
	in routine Sl_Ctrl line 546
         in file 'C:/xilinx/active/projects/sl_ctrl3/sl_ctrl.vhd'.
============================================================================
|     Three-state Device Name      |               Type               | MB |
============================================================================
|           TDO_MUX_tri3           |        Three-state Buffer        | N  |
============================================================================


Inferred THREE-STATE control devices in process 
	in routine Sl_Ctrl line 547
         in file 'C:/xilinx/active/projects/sl_ctrl3/sl_ctrl.vhd'.
============================================================================
|     Three-state Device Name      |               Type               | MB |
============================================================================
|           TDO_MUX_tri4           |        Three-state Buffer        | N  |
============================================================================


Inferred THREE-STATE control devices in process 
	in routine Sl_Ctrl line 548
         in file 'C:/xilinx/active/projects/sl_ctrl3/sl_ctrl.vhd'.
============================================================================
|     Three-state Device Name      |               Type               | MB |
============================================================================
|           TDO_MUX_tri5           |        Three-state Buffer        | N  |
============================================================================


Inferred THREE-STATE control devices in process 
	in routine Sl_Ctrl line 550
         in file 'C:/xilinx/active/projects/sl_ctrl3/sl_ctrl.vhd'.
============================================================================
|     Three-state Device Name      |               Type               | MB |
============================================================================
|           TDO_MUX_tri6           |        Three-state Buffer        | N  |
============================================================================


Inferred THREE-STATE control devices in process 
	in routine Sl_Ctrl line 551
         in file 'C:/xilinx/active/projects/sl_ctrl3/sl_ctrl.vhd'.
============================================================================
|     Three-state Device Name      |               Type               | MB |
============================================================================
|           TDO_MUX_tri7           |        Three-state Buffer        | N  |
============================================================================


Inferred THREE-STATE control devices in process 
	in routine Sl_Ctrl line 552
         in file 'C:/xilinx/active/projects/sl_ctrl3/sl_ctrl.vhd'.
============================================================================
|     Three-state Device Name      |               Type               | MB |
============================================================================
|           TDO_MUX_tri8           |        Three-state Buffer        | N  |
============================================================================


Inferred THREE-STATE control devices in process 
	in routine Sl_Ctrl line 553
         in file 'C:/xilinx/active/projects/sl_ctrl3/sl_ctrl.vhd'.
============================================================================
|     Three-state Device Name      |               Type               | MB |
============================================================================
|           TDO_MUX_tri9           |        Three-state Buffer        | N  |
============================================================================


Inferred THREE-STATE control devices in process 
	in routine Sl_Ctrl line 554
         in file 'C:/xilinx/active/projects/sl_ctrl3/sl_ctrl.vhd'.
============================================================================
|     Three-state Device Name      |               Type               | MB |
============================================================================
|          TDO_MUX_tri10           |        Three-state Buffer        | N  |
============================================================================


Inferred THREE-STATE control devices in process 
	in routine Sl_Ctrl line 556
         in file 'C:/xilinx/active/projects/sl_ctrl3/sl_ctrl.vhd'.
============================================================================
|     Three-state Device Name      |               Type               | MB |
============================================================================
|          TDO_MUX_tri11           |        Three-state Buffer        | N  |
============================================================================


Inferred THREE-STATE control devices in process 
	in routine Sl_Ctrl line 557
         in file 'C:/xilinx/active/projects/sl_ctrl3/sl_ctrl.vhd'.
============================================================================
|     Three-state Device Name      |               Type               | MB |
============================================================================
|          TDO_MUX_tri12           |        Three-state Buffer        | N  |
============================================================================


Inferred memory devices in process 'TDO_FlFl'
	in routine Sl_Ctrl line 561 in
         file 'C:/xilinx/active/projects/sl_ctrl3/sl_ctrl.vhd'.
===============================================================================
|    Register Name    |   Type    | Width | Bus | MB | AR | AS | SR | SS | ST |
===============================================================================
|     TDO_FF_reg      | Flip-flop |   1   |  -  | -  | N  | N  | N  | N  | N  |
|     TDO_OE_reg      | Flip-flop |   1   |  -  | -  | N  | N  | N  | N  | N  |
===============================================================================

TDO_FF_reg
----------
    set/reset/toggle: none


TDO_OE_reg
----------
    set/reset/toggle: none



Inferred THREE-STATE control devices in process 
	in routine Sl_Ctrl line 569
         in file 'C:/xilinx/active/projects/sl_ctrl3/sl_ctrl.vhd'.
============================================================================
|     Three-state Device Name      |               Type               | MB |
============================================================================
|             TDO_tri              |        Three-state Buffer        | N  |
============================================================================

Warning: Latch inferred in design 'Sl_Ctrl' read with
	'hdlin_check_no_latch'. (HDL-307)
Writing to hnl file 'c:\Xilinx\active\projects\sl_ctrl3\sl_ctrl3/workdirs/WORK/Sl_Ctrl.hnl'
